Using pre-set license
Built from '2020.3/staging' branch; Version is '2020.3.0f1 (c7b5465681fb) revision 13088070'; Using compiler version '192528614'; Build Type 'Release'
OS: 'Windows 10 Home; OS build 19041.572; Version 2004; 64bit' Language: 'sv' Physical Memory: 3975 MB
BatchMode: 1, IsHumanControllingUs: 0, StartBugReporterOnCrash: 0, Is64bit: 1, IsPro: 0

 COMMAND LINE ARGUMENTS:
C:\Program Files\Unity\Hub\Editor\2020.3.0f1\Editor\Unity.exe
-adb2
-batchMode
-noUpm
-name
AssetImportWorker2
-projectPath
C:/Users/Admin/Documents/Datorspelsutveckling/MooBooM/MooBooM/MooBooM
-logFile
Logs/AssetImportWorker2.log
-srvPort
62591
Successfully changed project path to: C:/Users/Admin/Documents/Datorspelsutveckling/MooBooM/MooBooM/MooBooM
C:/Users/Admin/Documents/Datorspelsutveckling/MooBooM/MooBooM/MooBooM
Using Asset Import Pipeline V2.
Refreshing native plugins compatible for Editor in 137.57 ms, found 0 plugins.
Preloading 0 native plugins for Editor in 0.00 ms.
Initialize engine version: 2020.3.0f1 (c7b5465681fb)
[Subsystems] Discovering subsystems at path C:/Program Files/Unity/Hub/Editor/2020.3.0f1/Editor/Data/Resources/UnitySubsystems
[Subsystems] Discovering subsystems at path C:/Users/Admin/Documents/Datorspelsutveckling/MooBooM/MooBooM/MooBooM/Assets
GfxDevice: creating device client; threaded=0
Direct3D:
    Version:  Direct3D 11.0 [level 11.0]
    Renderer: Intel(R) HD Graphics 4000 (ID=0x166)
    Vendor:   
    VRAM:     128 MB
    Driver:   10.18.10.4358
Shader 'Universal Render Pipeline/Particles/Lit': fallback shader 'Universal Render Pipeline/Particles/SimpleLit' not found
Initialize mono
Mono path[0] = 'C:/Program Files/Unity/Hub/Editor/2020.3.0f1/Editor/Data/Managed'
Mono path[1] = 'C:/Program Files/Unity/Hub/Editor/2020.3.0f1/Editor/Data/MonoBleedingEdge/lib/mono/unityjit'
Mono config path = 'C:/Program Files/Unity/Hub/Editor/2020.3.0f1/Editor/Data/MonoBleedingEdge/etc'
Using monoOptions --debugger-agent=transport=dt_socket,embedding=1,server=y,suspend=n,address=127.0.0.1:56704
Begin MonoManager ReloadAssembly
Registering precompiled unity dll's ...
Register platform support module: C:/Program Files/Unity/Hub/Editor/2020.3.0f1/Editor/Data/PlaybackEngines/WebGLSupport/UnityEditor.WebGL.Extensions.dll
Register platform support module: C:/Program Files/Unity/Hub/Editor/2020.3.0f1/Editor/Data/PlaybackEngines/WindowsStandaloneSupport/UnityEditor.WindowsStandalone.Extensions.dll
Registered in 0.005307 seconds.
Native extension for WindowsStandalone target not found
Native extension for WebGL target not found
Refreshing native plugins compatible for Editor in 94.33 ms, found 0 plugins.
Preloading 0 native plugins for Editor in 0.00 ms.
Invoked RoslynAnalysisRunner static constructor.
RoslynAnalysisRunner will not be running.
RoslynAnalysisRunner has terminated.
Mono: successfully reloaded assembly
- Completed reload, in  7.525 seconds
Platform modules already initialized, skipping
Registering precompiled user dll's ...
Registered in 0.007301 seconds.
Begin MonoManager ReloadAssembly
Native extension for WindowsStandalone target not found
Native extension for WebGL target not found
Refreshing native plugins compatible for Editor in 104.66 ms, found 0 plugins.
Preloading 0 native plugins for Editor in 0.00 ms.
Invoked RoslynAnalysisRunner static constructor.
RoslynAnalysisRunner will not be running.
RoslynAnalysisRunner has terminated.
Mono: successfully reloaded assembly
- Completed reload, in  2.372 seconds
Platform modules already initialized, skipping
========================================================================
Worker process is ready to serve import requests
Shader 'Universal Render Pipeline/Particles/Lit': fallback shader 'Universal Render Pipeline/Particles/SimpleLit' not found
Launched and connected shader compiler UnityShaderCompiler.exe after 0.10 seconds
Refreshing native plugins compatible for Editor in 1.04 ms, found 0 plugins.
Preloading 0 native plugins for Editor in 0.00 ms.
Unloading 2477 Unused Serialized files (Serialized files now loaded: 0)
System memory in use before: 116.2 MB.
System memory in use after: 116.4 MB.

Unloading 10 unused Assets to reduce memory usage. Loaded Objects now: 2921.
Total: 9.572700 ms (FindLiveObjects: 0.444700 ms CreateObjectMapping: 0.190600 ms MarkObjects: 8.460500 ms  DeleteObjects: 0.474200 ms)

========================================================================
Received Import Request.
  path: Assets/Scripts/LevelSelect.cs
  artifactKey: Guid(7a7b73110d6dd194e891532b1b9300e2) Importer(815301076,1909f56bfc062723c751e8b465ee728b)
Start importing Assets/Scripts/LevelSelect.cs using Guid(7a7b73110d6dd194e891532b1b9300e2) Importer(815301076,1909f56bfc062723c751e8b465ee728b)  -> (artifact id: '3b2044375462a44b35530fa9fd27dd04') in 0.082101 seconds
  Import took 0.092624 seconds .

========================================================================
Received Prepare
Registering precompiled user dll's ...
Registered in 0.007316 seconds.
Begin MonoManager ReloadAssembly
Native extension for WindowsStandalone target not found
Native extension for WebGL target not found
Refreshing native plugins compatible for Editor in 0.61 ms, found 0 plugins.
Preloading 0 native plugins for Editor in 0.00 ms.
Invoked RoslynAnalysisRunner static constructor.
RoslynAnalysisRunner will not be running.
RoslynAnalysisRunner has terminated.
Mono: successfully reloaded assembly
- Completed reload, in  1.853 seconds
Platform modules already initialized, skipping
Shader 'Universal Render Pipeline/Particles/Lit': fallback shader 'Universal Render Pipeline/Particles/SimpleLit' not found
Refreshing native plugins compatible for Editor in 1.29 ms, found 0 plugins.
Preloading 0 native plugins for Editor in 0.00 ms.
Unloading 2354 Unused Serialized files (Serialized files now loaded: 0)
System memory in use before: 109.3 MB.
System memory in use after: 109.5 MB.

Unloading 5 unused Assets to reduce memory usage. Loaded Objects now: 2924.
Total: 3.689700 ms (FindLiveObjects: 0.665200 ms CreateObjectMapping: 0.242900 ms MarkObjects: 2.738300 ms  DeleteObjects: 0.040100 ms)

========================================================================
Received Prepare
Registering precompiled user dll's ...
Registered in 0.002756 seconds.
Begin MonoManager ReloadAssembly
Native extension for WindowsStandalone target not found
Native extension for WebGL target not found
Refreshing native plugins compatible for Editor in 0.81 ms, found 0 plugins.
Preloading 0 native plugins for Editor in 0.00 ms.
Invoked RoslynAnalysisRunner static constructor.
RoslynAnalysisRunner will not be running.
RoslynAnalysisRunner has terminated.
Mono: successfully reloaded assembly
- Completed reload, in  2.126 seconds
Platform modules already initialized, skipping
Shader 'Universal Render Pipeline/Particles/Lit': fallback shader 'Universal Render Pipeline/Particles/SimpleLit' not found
Refreshing native plugins compatible for Editor in 1.05 ms, found 0 plugins.
Preloading 0 native plugins for Editor in 0.00 ms.
Unloading 2354 Unused Serialized files (Serialized files now loaded: 0)
System memory in use before: 109.3 MB.
System memory in use after: 109.5 MB.

Unloading 5 unused Assets to reduce memory usage. Loaded Objects now: 2927.
Total: 5.430600 ms (FindLiveObjects: 0.575900 ms CreateObjectMapping: 0.232900 ms MarkObjects: 4.572200 ms  DeleteObjects: 0.046500 ms)

========================================================================
Received Prepare
Registering precompiled user dll's ...
Registered in 0.002609 seconds.
Begin MonoManager ReloadAssembly
Native extension for WindowsStandalone target not found
Native extension for WebGL target not found
Refreshing native plugins compatible for Editor in 0.61 ms, found 0 plugins.
Preloading 0 native plugins for Editor in 0.00 ms.
Invoked RoslynAnalysisRunner static constructor.
RoslynAnalysisRunner will not be running.
RoslynAnalysisRunner has terminated.
Mono: successfully reloaded assembly
- Completed reload, in  2.216 seconds
Platform modules already initialized, skipping
Shader 'Universal Render Pipeline/Particles/Lit': fallback shader 'Universal Render Pipeline/Particles/SimpleLit' not found
Refreshing native plugins compatible for Editor in 1.08 ms, found 0 plugins.
Preloading 0 native plugins for Editor in 0.00 ms.
Unloading 2354 Unused Serialized files (Serialized files now loaded: 0)
System memory in use before: 109.3 MB.
System memory in use after: 109.6 MB.

Unloading 5 unused Assets to reduce memory usage. Loaded Objects now: 2930.
Total: 3.451000 ms (FindLiveObjects: 0.507500 ms CreateObjectMapping: 0.175500 ms MarkObjects: 2.730300 ms  DeleteObjects: 0.035100 ms)

========================================================================
Received Import Request.
  Time since last request: 402.116692 seconds.
  path: Assets/Scenes/Main Menu.unity
  artifactKey: Guid(93b2bd914abe04be0a9caea64abf0f02) Importer(815301076,1909f56bfc062723c751e8b465ee728b)
Start importing Assets/Scenes/Main Menu.unity using Guid(93b2bd914abe04be0a9caea64abf0f02) Importer(815301076,1909f56bfc062723c751e8b465ee728b)  -> (artifact id: 'b1b187ba29f75067418d740d3c3721ac') in 0.106053 seconds
  Import took 0.125047 seconds .

========================================================================
Received Import Request.
  Time since last request: 12.883835 seconds.
  path: Assets/Scenes/2.unity
  artifactKey: Guid(14b42514fc1d2a846b43488522f73da9) Importer(815301076,1909f56bfc062723c751e8b465ee728b)
Start importing Assets/Scenes/2.unity using Guid(14b42514fc1d2a846b43488522f73da9) Importer(815301076,1909f56bfc062723c751e8b465ee728b)  -> (artifact id: '08e909deb2816b98b36914cccd23a5d0') in 0.099824 seconds
  Import took 0.109883 seconds .

========================================================================
Received Prepare
Registering precompiled user dll's ...
Registered in 0.002627 seconds.
Begin MonoManager ReloadAssembly
Native extension for WindowsStandalone target not found
Native extension for WebGL target not found
Refreshing native plugins compatible for Editor in 0.97 ms, found 0 plugins.
Preloading 0 native plugins for Editor in 0.00 ms.
Invoked RoslynAnalysisRunner static constructor.
RoslynAnalysisRunner will not be running.
RoslynAnalysisRunner has terminated.
Mono: successfully reloaded assembly
- Completed reload, in  4.003 seconds
Platform modules already initialized, skipping
Shader 'Universal Render Pipeline/Particles/Lit': fallback shader 'Universal Render Pipeline/Particles/SimpleLit' not found
Refreshing native plugins compatible for Editor in 1.05 ms, found 0 plugins.
Preloading 0 native plugins for Editor in 0.00 ms.
Unloading 2354 Unused Serialized files (Serialized files now loaded: 0)
System memory in use before: 109.4 MB.
System memory in use after: 109.6 MB.

Unloading 5 unused Assets to reduce memory usage. Loaded Objects now: 2933.
Total: 8.524200 ms (FindLiveObjects: 1.268800 ms CreateObjectMapping: 1.099200 ms MarkObjects: 6.110600 ms  DeleteObjects: 0.040000 ms)

========================================================================
Received Prepare
Registering precompiled user dll's ...
Registered in 0.002389 seconds.
Begin MonoManager ReloadAssembly
Native extension for WindowsStandalone target not found
Native extension for WebGL target not found
Refreshing native plugins compatible for Editor in 0.67 ms, found 0 plugins.
Preloading 0 native plugins for Editor in 0.00 ms.
Invoked RoslynAnalysisRunner static constructor.
RoslynAnalysisRunner will not be running.
RoslynAnalysisRunner has terminated.
Mono: successfully reloaded assembly
- Completed reload, in  3.021 seconds
Platform modules already initialized, skipping
Shader 'Universal Render Pipeline/Particles/Lit': fallback shader 'Universal Render Pipeline/Particles/SimpleLit' not found
Refreshing native plugins compatible for Editor in 1.95 ms, found 0 plugins.
Preloading 0 native plugins for Editor in 0.00 ms.
Unloading 2354 Unused Serialized files (Serialized files now loaded: 0)
System memory in use before: 109.3 MB.
System memory in use after: 109.5 MB.

Unloading 5 unused Assets to reduce memory usage. Loaded Objects now: 2936.
Total: 3.547400 ms (FindLiveObjects: 0.656000 ms CreateObjectMapping: 0.184900 ms MarkObjects: 2.666600 ms  DeleteObjects: 0.036800 ms)

========================================================================
Received Prepare
Registering precompiled user dll's ...
Registered in 0.008681 seconds.
Begin MonoManager ReloadAssembly
Native extension for WindowsStandalone target not found
Native extension for WebGL target not found
Refreshing native plugins compatible for Editor in 0.78 ms, found 0 plugins.
Preloading 0 native plugins for Editor in 0.00 ms.
Invoked RoslynAnalysisRunner static constructor.
RoslynAnalysisRunner will not be running.
RoslynAnalysisRunner has terminated.
Mono: successfully reloaded assembly
- Completed reload, in  4.027 seconds
Platform modules already initialized, skipping
Shader 'Universal Render Pipeline/Particles/Lit': fallback shader 'Universal Render Pipeline/Particles/SimpleLit' not found
Refreshing native plugins compatible for Editor in 1.00 ms, found 0 plugins.
Preloading 0 native plugins for Editor in 0.00 ms.
Unloading 2354 Unused Serialized files (Serialized files now loaded: 0)
System memory in use before: 109.4 MB.
System memory in use after: 109.6 MB.

Unloading 5 unused Assets to reduce memory usage. Loaded Objects now: 2939.
Total: 4.420200 ms (FindLiveObjects: 0.536800 ms CreateObjectMapping: 0.169200 ms MarkObjects: 3.680700 ms  DeleteObjects: 0.030500 ms)

========================================================================
Received Prepare
Registering precompiled user dll's ...
Registered in 0.005738 seconds.
Begin MonoManager ReloadAssembly
Native extension for WindowsStandalone target not found
Native extension for WebGL target not found
Refreshing native plugins compatible for Editor in 0.78 ms, found 0 plugins.
Preloading 0 native plugins for Editor in 0.00 ms.
Invoked RoslynAnalysisRunner static constructor.
RoslynAnalysisRunner will not be running.
RoslynAnalysisRunner has terminated.
Mono: successfully reloaded assembly
- Completed reload, in  3.056 seconds
Platform modules already initialized, skipping
Shader 'Universal Render Pipeline/Particles/Lit': fallback shader 'Universal Render Pipeline/Particles/SimpleLit' not found
Refreshing native plugins compatible for Editor in 2.78 ms, found 0 plugins.
Preloading 0 native plugins for Editor in 0.00 ms.
Unloading 2354 Unused Serialized files (Serialized files now loaded: 0)
System memory in use before: 109.4 MB.
System memory in use after: 109.6 MB.

Unloading 5 unused Assets to reduce memory usage. Loaded Objects now: 2942.
Total: 4.471700 ms (FindLiveObjects: 0.352500 ms CreateObjectMapping: 0.171300 ms MarkObjects: 3.902500 ms  DeleteObjects: 0.041900 ms)

========================================================================
Received Prepare
Registering precompiled user dll's ...
Registered in 0.002540 seconds.
Begin MonoManager ReloadAssembly
Native extension for WindowsStandalone target not found
Native extension for WebGL target not found
Refreshing native plugins compatible for Editor in 0.89 ms, found 0 plugins.
Preloading 0 native plugins for Editor in 0.00 ms.
Invoked RoslynAnalysisRunner static constructor.
RoslynAnalysisRunner will not be running.
RoslynAnalysisRunner has terminated.
Mono: successfully reloaded assembly
- Completed reload, in  4.803 seconds
Platform modules already initialized, skipping
Shader 'Universal Render Pipeline/Particles/Lit': fallback shader 'Universal Render Pipeline/Particles/SimpleLit' not found
Refreshing native plugins compatible for Editor in 1.45 ms, found 0 plugins.
Preloading 0 native plugins for Editor in 0.00 ms.
Unloading 2354 Unused Serialized files (Serialized files now loaded: 0)
System memory in use before: 109.4 MB.
System memory in use after: 109.6 MB.

Unloading 5 unused Assets to reduce memory usage. Loaded Objects now: 2945.
Total: 9.481500 ms (FindLiveObjects: 1.513400 ms CreateObjectMapping: 0.763100 ms MarkObjects: 7.105100 ms  DeleteObjects: 0.095800 ms)

========================================================================
Received Prepare
Registering precompiled user dll's ...
Registered in 0.002788 seconds.
Begin MonoManager ReloadAssembly
Native extension for WindowsStandalone target not found
Native extension for WebGL target not found
Refreshing native plugins compatible for Editor in 2.78 ms, found 0 plugins.
Preloading 0 native plugins for Editor in 0.00 ms.
Invoked RoslynAnalysisRunner static constructor.
RoslynAnalysisRunner will not be running.
RoslynAnalysisRunner has terminated.
Mono: successfully reloaded assembly
- Completed reload, in  4.198 seconds
Platform modules already initialized, skipping
Shader 'Universal Render Pipeline/Particles/Lit': fallback shader 'Universal Render Pipeline/Particles/SimpleLit' not found
Refreshing native plugins compatible for Editor in 2.82 ms, found 0 plugins.
Preloading 0 native plugins for Editor in 0.00 ms.
Unloading 2354 Unused Serialized files (Serialized files now loaded: 0)
System memory in use before: 109.4 MB.
System memory in use after: 109.6 MB.

Unloading 5 unused Assets to reduce memory usage. Loaded Objects now: 2948.
Total: 15.316700 ms (FindLiveObjects: 0.808400 ms CreateObjectMapping: 0.604000 ms MarkObjects: 13.816900 ms  DeleteObjects: 0.082500 ms)

========================================================================
Received Prepare
Registering precompiled user dll's ...
Registered in 0.006409 seconds.
Begin MonoManager ReloadAssembly
Native extension for WindowsStandalone target not found
Native extension for WebGL target not found
Refreshing native plugins compatible for Editor in 0.65 ms, found 0 plugins.
Preloading 0 native plugins for Editor in 0.00 ms.
Invoked RoslynAnalysisRunner static constructor.
RoslynAnalysisRunner will not be running.
RoslynAnalysisRunner has terminated.
Mono: successfully reloaded assembly
- Completed reload, in  1.756 seconds
Platform modules already initialized, skipping
Shader 'Universal Render Pipeline/Particles/Lit': fallback shader 'Universal Render Pipeline/Particles/SimpleLit' not found
Refreshing native plugins compatible for Editor in 1.25 ms, found 0 plugins.
Preloading 0 native plugins for Editor in 0.00 ms.
Unloading 2354 Unused Serialized files (Serialized files now loaded: 0)
System memory in use before: 109.3 MB.
System memory in use after: 109.5 MB.

Unloading 5 unused Assets to reduce memory usage. Loaded Objects now: 2951.
Total: 5.769200 ms (FindLiveObjects: 0.551500 ms CreateObjectMapping: 0.226900 ms MarkObjects: 4.939900 ms  DeleteObjects: 0.047200 ms)

========================================================================
Received Import Request.
  Time since last request: 2116.041276 seconds.
  path: Assets/Scenes/1.unity
  artifactKey: Guid(ab85ea23788ea49f5865d2a3fed459bb) Importer(815301076,1909f56bfc062723c751e8b465ee728b)
Start importing Assets/Scenes/1.unity using Guid(ab85ea23788ea49f5865d2a3fed459bb) Importer(815301076,1909f56bfc062723c751e8b465ee728b)  -> (artifact id: '5fad3f5aaff65ede475aef0a47d8787a') in 0.909234 seconds
  Import took 1.264695 seconds .

========================================================================
Received Import Request.
  Time since last request: 7.295085 seconds.
  path: Assets/Scenes/3.unity
  artifactKey: Guid(44ff78c4d24f19d46b5dedbf15afbc16) Importer(815301076,1909f56bfc062723c751e8b465ee728b)
Start importing Assets/Scenes/3.unity using Guid(44ff78c4d24f19d46b5dedbf15afbc16) Importer(815301076,1909f56bfc062723c751e8b465ee728b)  -> (artifact id: '02d25dff2a867e4b027b5ab53f9efc21') in 0.014116 seconds
  Import took 0.025289 seconds .

========================================================================
Received Import Request.
  Time since last request: 26.695131 seconds.
  path: Assets/Scenes/4.unity
  artifactKey: Guid(b4103dd8574565b43a895e3320750b21) Importer(815301076,1909f56bfc062723c751e8b465ee728b)
Start importing Assets/Scenes/4.unity using Guid(b4103dd8574565b43a895e3320750b21) Importer(815301076,1909f56bfc062723c751e8b465ee728b)  -> (artifact id: 'c0d6d2f582537f4e140757edcd0ad75b') in 0.015904 seconds
  Import took 0.025644 seconds .

========================================================================
Received Import Request.
  Time since last request: 16.989653 seconds.
  path: Assets/Scenes/5.unity
  artifactKey: Guid(808ab1920ece12149a6a7e8e0ecd4e97) Importer(815301076,1909f56bfc062723c751e8b465ee728b)
Start importing Assets/Scenes/5.unity using Guid(808ab1920ece12149a6a7e8e0ecd4e97) Importer(815301076,1909f56bfc062723c751e8b465ee728b)  -> (artifact id: 'a81ad11fd11f8513ecc492fd2af6f2a2') in 0.011990 seconds
  Import took 0.020340 seconds .

========================================================================
Received Import Request.
  Time since last request: 84.984757 seconds.
  path: Assets/Scenes/2.unity
  artifactKey: Guid(14b42514fc1d2a846b43488522f73da9) Importer(815301076,1909f56bfc062723c751e8b465ee728b)
Start importing Assets/Scenes/2.unity using Guid(14b42514fc1d2a846b43488522f73da9) Importer(815301076,1909f56bfc062723c751e8b465ee728b)  -> (artifact id: '8cebfab2520d04db4bcd21512d31ec42') in 0.010082 seconds
  Import took 0.022855 seconds .

========================================================================
Received Import Request.
  Time since last request: 112.782560 seconds.
  path: Assets/Scenes/Main Menu.unity
  artifactKey: Guid(93b2bd914abe04be0a9caea64abf0f02) Importer(815301076,1909f56bfc062723c751e8b465ee728b)
Start importing Assets/Scenes/Main Menu.unity using Guid(93b2bd914abe04be0a9caea64abf0f02) Importer(815301076,1909f56bfc062723c751e8b465ee728b)  -> (artifact id: 'c965d986bdab7af275768abee366a9cd') in 0.010341 seconds
  Import took 0.020195 seconds .

========================================================================
Received Import Request.
  Time since last request: 30.465545 seconds.
  path: Assets/Scenes/4.unity
  artifactKey: Guid(b4103dd8574565b43a895e3320750b21) Importer(815301076,1909f56bfc062723c751e8b465ee728b)
Start importing Assets/Scenes/4.unity using Guid(b4103dd8574565b43a895e3320750b21) Importer(815301076,1909f56bfc062723c751e8b465ee728b)  -> (artifact id: '1295e375bded61afc79ff9db66c72a3a') in 0.012288 seconds
  Import took 0.022586 seconds .

